2021-11-08 16:32:44,390:INFO:PyCaret Supervised Module
2021-11-08 16:32:44,390:INFO:ML Usecase: regression
2021-11-08 16:32:44,390:INFO:version 2.3.4
2021-11-08 16:32:44,390:INFO:Initializing setup()
2021-11-08 16:32:44,390:INFO:setup(target=SalePrice, ml_usecase=regression, available_plots={'parameter': 'Hyperparameters', 'residuals': 'Residuals', 'error': 'Prediction Error', 'cooks': 'Cooks Distance', 'rfe': 'Feature Selection', 'learning': 'Learning Curve', 'manifold': 'Manifold Learning', 'vc': 'Validation Curve', 'feature': 'Feature Importance', 'feature_all': 'Feature Importance (All)', 'tree': 'Decision Tree', 'residuals_interactive': 'Interactive Residuals'}, train_size=0.99, test_data=None, preprocess=True, imputation_type=simple, iterative_imputation_iters=5, categorical_features=None, categorical_imputation=constant, categorical_iterative_imputer=lightgbm, ordinal_features=None, high_cardinality_features=None, high_cardinality_method=frequency, numeric_features=None, numeric_imputation=median, numeric_iterative_imputer=lightgbm, date_features=None, ignore_features=None, normalize=True, normalize_method=robust, transformation=False, transformation_method=yeo-johnson, handle_unknown_categorical=True, unknown_categorical_method=least_frequent, pca=False, pca_method=linear, pca_components=None, ignore_low_variance=False, combine_rare_levels=False, rare_level_threshold=0.1, bin_numeric_features=None, remove_outliers=False, outliers_threshold=0.05, remove_multicollinearity=False, multicollinearity_threshold=0.9, remove_perfect_collinearity=True, create_clusters=False, cluster_iter=20, polynomial_features=False, polynomial_degree=2, trigonometry_features=False, polynomial_threshold=0.1, group_features=None, group_names=None, feature_selection=False, feature_selection_threshold=0.8, feature_selection_method=classic, feature_interaction=False, feature_ratio=False, interaction_threshold=0.01, fix_imbalance=False, fix_imbalance_method=None, transform_target=False, transform_target_method=box-cox, data_split_shuffle=True, data_split_stratify=False, fold_strategy=kfold, fold=10, fold_shuffle=False, fold_groups=None, n_jobs=-1, use_gpu=False, custom_pipeline=None, html=True, session_id=None, log_experiment=False, experiment_name=None, log_plots=False, log_profile=False, log_data=False, silent=False, verbose=True, profile=False, profile_kwargs=None, display=None)
2021-11-08 16:32:44,390:INFO:Checking environment
2021-11-08 16:32:44,390:INFO:python_version: 3.9.7
2021-11-08 16:32:44,390:INFO:python_build: ('default', 'Sep 16 2021 16:59:28')
2021-11-08 16:32:44,390:INFO:machine: AMD64
2021-11-08 16:32:44,390:INFO:platform: Windows-10-10.0.19043-SP0
2021-11-08 16:32:44,390:INFO:Memory: svmem(total=8469934080, available=2560327680, percent=69.8, used=5909606400, free=2560327680)
2021-11-08 16:32:44,390:INFO:Physical Core: 2
2021-11-08 16:32:44,390:INFO:Logical Core: 4
2021-11-08 16:32:44,390:INFO:Checking libraries
2021-11-08 16:32:44,390:INFO:pd==1.3.4
2021-11-08 16:32:44,390:INFO:numpy==1.19.5
2021-11-08 16:32:44,406:INFO:sklearn==0.23.2
2021-11-08 16:32:44,406:INFO:lightgbm==3.3.1
2021-11-08 16:32:44,406:WARNING:catboost not found
2021-11-08 16:32:44,406:WARNING:xgboost not found
2021-11-08 16:32:45,000:INFO:mlflow==1.21.0
2021-11-08 16:32:45,000:INFO:Checking Exceptions
2021-11-08 16:32:45,000:INFO:Declaring global variables
2021-11-08 16:32:45,000:INFO:USI: 2d91
2021-11-08 16:32:45,000:INFO:pycaret_globals: {'_all_models_internal', 'fold_param', '_ml_usecase', 'imputation_classifier', '_internal_pipeline', 'iterative_imputation_iters_param', 'y_train', 'fix_imbalance_method_param', 'pycaret_globals', '_available_plots', '_all_metrics', 'transform_target_method_param', 'target_param', 'seed', 'fold_groups_param_full', 'fold_generator', 'fold_groups_param', 'create_model_container', 'log_plots_param', 'logging_param', 'y', 'y_test', '_all_models', 'data_before_preprocess', 'USI', 'prep_pipe', 'master_model_container', 'display_container', 'fold_shuffle_param', 'gpu_param', 'experiment__', 'X_train', 'html_param', '_gpu_n_jobs_param', 'imputation_regressor', 'X', 'stratify_param', 'fix_imbalance_param', 'n_jobs_param', 'exp_name_log', 'transform_target_param', 'X_test'}
2021-11-08 16:32:45,000:INFO:Preparing display monitor
2021-11-08 16:32:45,000:INFO:Preparing display monitor
2021-11-08 16:32:45,033:INFO:Importing libraries
2021-11-08 16:32:45,033:INFO:Copying data for preprocessing
2021-11-08 16:32:45,052:INFO:Declaring preprocessing parameters
2021-11-08 16:32:45,057:INFO:Creating preprocessing pipeline
2021-11-08 16:32:45,126:INFO:Preprocessing pipeline created successfully
2021-11-08 16:32:45,126:ERROR:(Process Exit): setup has been interupted with user command 'quit'. setup must rerun.
2021-11-08 16:32:45,126:INFO:Creating global containers
2021-11-08 16:32:45,128:INFO:Internal pipeline: Pipeline(memory=None, steps=[('empty_step', 'passthrough')], verbose=False)
2021-11-08 16:32:48,557:WARNING:Couldn't import xgboost.XGBRegressor
2021-11-08 16:32:48,559:WARNING:Couldn't import catboost.CatBoostRegressor
2021-11-08 16:32:49,121:WARNING:Couldn't import xgboost.XGBRegressor
2021-11-08 16:32:49,121:WARNING:Couldn't import catboost.CatBoostRegressor
2021-11-08 16:32:49,121:INFO:Creating grid variables
2021-11-08 16:32:49,166:INFO:create_model_container: 0
2021-11-08 16:32:49,166:INFO:master_model_container: 0
2021-11-08 16:32:49,167:INFO:display_container: 1
2021-11-08 16:32:49,180:INFO:Pipeline(memory=None,
         steps=[('dtypes',
                 DataTypes_Auto_infer(categorical_features=[],
                                      display_types=True, features_todrop=[],
                                      id_columns=['Id'],
                                      ml_usecase='regression',
                                      numerical_features=[], target='SalePrice',
                                      time_features=[])),
                ('imputer',
                 Simple_Imputer(categorical_strategy='not_available',
                                fill_value_categorical=None,
                                fill_value_numerical=None,
                                numeric_st...
                ('P_transform', 'passthrough'), ('binn', 'passthrough'),
                ('rem_outliers', 'passthrough'), ('cluster_all', 'passthrough'),
                ('dummy', Dummify(target='SalePrice')),
                ('fix_perfect', Remove_100(target='SalePrice')),
                ('clean_names', Clean_Colum_Names()),
                ('feature_select', 'passthrough'), ('fix_multi', 'passthrough'),
                ('dfs', 'passthrough'), ('pca', 'passthrough')],
         verbose=False)
2021-11-08 16:32:49,181:INFO:setup() succesfully completed......................................
2021-11-08 16:32:49,290:INFO:gpu_param set to False
2021-11-08 16:32:49,812:WARNING:Couldn't import xgboost.XGBRegressor
2021-11-08 16:32:49,815:WARNING:Couldn't import catboost.CatBoostRegressor
2021-11-08 16:32:49,819:INFO:Initializing compare_models()
2021-11-08 16:32:49,819:INFO:compare_models(include=['dt', 'rf', 'ada', 'lr'], fold=None, round=4, cross_validation=True, sort=R2, n_select=1, budget_time=None, turbo=True, errors=ignore, fit_kwargs=None, groups=None, verbose=True, display=None, exclude=None)
2021-11-08 16:32:49,819:INFO:Checking exceptions
2021-11-08 16:32:49,819:INFO:Preparing display monitor
2021-11-08 16:32:49,820:INFO:Preparing display monitor
2021-11-08 16:32:49,884:INFO:Initializing Decision Tree Regressor
2021-11-08 16:32:49,884:INFO:Total runtime is 0.0 minutes
2021-11-08 16:32:49,906:INFO:SubProcess create_model() called ==================================
2021-11-08 16:32:49,907:INFO:Initializing create_model()
2021-11-08 16:32:49,907:INFO:create_model(estimator=dt, fold=KFold(n_splits=10, random_state=None, shuffle=False), round=4, cross_validation=True, predict=True, fit_kwargs={}, groups=None, refit=False, verbose=False, system=False, metrics=None, add_to_model_list=True, display=<pycaret.internal.Display.Display object at 0x000002E79A4F76A0>, kwargs={})
2021-11-08 16:32:49,907:INFO:Checking exceptions
2021-11-08 16:32:49,907:INFO:Importing libraries
2021-11-08 16:32:49,908:INFO:Copying training dataset
2021-11-08 16:32:49,910:INFO:Defining folds
2021-11-08 16:32:49,911:INFO:Declaring metric variables
2021-11-08 16:32:49,930:INFO:Importing untrained model
2021-11-08 16:32:49,948:INFO:Decision Tree Regressor Imported succesfully
2021-11-08 16:32:49,989:INFO:Starting cross validation
2021-11-08 16:32:50,001:INFO:Cross validating with KFold(n_splits=10, random_state=None, shuffle=False), n_jobs=-1
2021-11-08 16:32:57,840:INFO:Calculating mean and std
2021-11-08 16:32:57,842:INFO:Creating metrics dataframe
2021-11-08 16:32:57,852:INFO:Uploading results into container
2021-11-08 16:32:57,852:INFO:Uploading model into container now
2021-11-08 16:32:57,852:INFO:create_model_container: 1
2021-11-08 16:32:57,852:INFO:master_model_container: 1
2021-11-08 16:32:57,853:INFO:display_container: 2
2021-11-08 16:32:57,854:INFO:DecisionTreeRegressor(ccp_alpha=0.0, criterion='mse', max_depth=None,
                      max_features=None, max_leaf_nodes=None,
                      min_impurity_decrease=0.0, min_impurity_split=None,
                      min_samples_leaf=1, min_samples_split=2,
                      min_weight_fraction_leaf=0.0, presort='deprecated',
                      random_state=1264, splitter='best')
2021-11-08 16:32:57,854:INFO:create_model() succesfully completed......................................
2021-11-08 16:32:57,958:INFO:SubProcess create_model() end ==================================
2021-11-08 16:32:57,958:INFO:Creating metrics dataframe
2021-11-08 16:32:57,986:INFO:Initializing Random Forest Regressor
2021-11-08 16:32:57,986:INFO:Total runtime is 0.13503252665201823 minutes
2021-11-08 16:32:58,017:INFO:SubProcess create_model() called ==================================
2021-11-08 16:32:58,018:INFO:Initializing create_model()
2021-11-08 16:32:58,019:INFO:create_model(estimator=rf, fold=KFold(n_splits=10, random_state=None, shuffle=False), round=4, cross_validation=True, predict=True, fit_kwargs={}, groups=None, refit=False, verbose=False, system=False, metrics=None, add_to_model_list=True, display=<pycaret.internal.Display.Display object at 0x000002E79A4F76A0>, kwargs={})
2021-11-08 16:32:58,019:INFO:Checking exceptions
2021-11-08 16:32:58,019:INFO:Importing libraries
2021-11-08 16:32:58,019:INFO:Copying training dataset
2021-11-08 16:32:58,023:INFO:Defining folds
2021-11-08 16:32:58,023:INFO:Declaring metric variables
2021-11-08 16:32:58,046:INFO:Importing untrained model
2021-11-08 16:32:58,063:INFO:Random Forest Regressor Imported succesfully
2021-11-08 16:32:58,105:INFO:Starting cross validation
2021-11-08 16:32:58,106:INFO:Cross validating with KFold(n_splits=10, random_state=None, shuffle=False), n_jobs=-1
2021-11-08 16:33:17,249:INFO:Calculating mean and std
2021-11-08 16:33:17,249:INFO:Creating metrics dataframe
2021-11-08 16:33:17,249:INFO:Uploading results into container
2021-11-08 16:33:17,249:INFO:Uploading model into container now
2021-11-08 16:33:17,249:INFO:create_model_container: 2
2021-11-08 16:33:17,249:INFO:master_model_container: 2
2021-11-08 16:33:17,249:INFO:display_container: 2
2021-11-08 16:33:17,249:INFO:RandomForestRegressor(bootstrap=True, ccp_alpha=0.0, criterion='mse',
                      max_depth=None, max_features='auto', max_leaf_nodes=None,
                      max_samples=None, min_impurity_decrease=0.0,
                      min_impurity_split=None, min_samples_leaf=1,
                      min_samples_split=2, min_weight_fraction_leaf=0.0,
                      n_estimators=100, n_jobs=-1, oob_score=False,
                      random_state=1264, verbose=0, warm_start=False)
2021-11-08 16:33:17,249:INFO:create_model() succesfully completed......................................
2021-11-08 16:33:17,324:INFO:SubProcess create_model() end ==================================
2021-11-08 16:33:17,324:INFO:Creating metrics dataframe
2021-11-08 16:33:17,356:INFO:Initializing AdaBoost Regressor
2021-11-08 16:33:17,356:INFO:Total runtime is 0.4578637440999349 minutes
2021-11-08 16:33:17,369:INFO:SubProcess create_model() called ==================================
2021-11-08 16:33:17,369:INFO:Initializing create_model()
2021-11-08 16:33:17,370:INFO:create_model(estimator=ada, fold=KFold(n_splits=10, random_state=None, shuffle=False), round=4, cross_validation=True, predict=True, fit_kwargs={}, groups=None, refit=False, verbose=False, system=False, metrics=None, add_to_model_list=True, display=<pycaret.internal.Display.Display object at 0x000002E79A4F76A0>, kwargs={})
2021-11-08 16:33:17,370:INFO:Checking exceptions
2021-11-08 16:33:17,370:INFO:Importing libraries
2021-11-08 16:33:17,371:INFO:Copying training dataset
2021-11-08 16:33:17,373:INFO:Defining folds
2021-11-08 16:33:17,373:INFO:Declaring metric variables
2021-11-08 16:33:17,389:INFO:Importing untrained model
2021-11-08 16:33:17,405:INFO:AdaBoost Regressor Imported succesfully
2021-11-08 16:33:17,435:INFO:Starting cross validation
2021-11-08 16:33:17,436:INFO:Cross validating with KFold(n_splits=10, random_state=None, shuffle=False), n_jobs=-1
2021-11-08 16:33:23,380:INFO:Calculating mean and std
2021-11-08 16:33:23,382:INFO:Creating metrics dataframe
2021-11-08 16:33:23,387:INFO:Uploading results into container
2021-11-08 16:33:23,388:INFO:Uploading model into container now
2021-11-08 16:33:23,388:INFO:create_model_container: 3
2021-11-08 16:33:23,388:INFO:master_model_container: 3
2021-11-08 16:33:23,388:INFO:display_container: 2
2021-11-08 16:33:23,388:INFO:AdaBoostRegressor(base_estimator=None, learning_rate=1.0, loss='linear',
                  n_estimators=50, random_state=1264)
2021-11-08 16:33:23,388:INFO:create_model() succesfully completed......................................
2021-11-08 16:33:23,475:INFO:SubProcess create_model() end ==================================
2021-11-08 16:33:23,475:INFO:Creating metrics dataframe
2021-11-08 16:33:23,501:INFO:Initializing Linear Regression
2021-11-08 16:33:23,502:INFO:Total runtime is 0.5602862437566122 minutes
2021-11-08 16:33:23,516:INFO:SubProcess create_model() called ==================================
2021-11-08 16:33:23,516:INFO:Initializing create_model()
2021-11-08 16:33:23,516:INFO:create_model(estimator=lr, fold=KFold(n_splits=10, random_state=None, shuffle=False), round=4, cross_validation=True, predict=True, fit_kwargs={}, groups=None, refit=False, verbose=False, system=False, metrics=None, add_to_model_list=True, display=<pycaret.internal.Display.Display object at 0x000002E79A4F76A0>, kwargs={})
2021-11-08 16:33:23,517:INFO:Checking exceptions
2021-11-08 16:33:23,517:INFO:Importing libraries
2021-11-08 16:33:23,517:INFO:Copying training dataset
2021-11-08 16:33:23,519:INFO:Defining folds
2021-11-08 16:33:23,519:INFO:Declaring metric variables
2021-11-08 16:33:23,536:INFO:Importing untrained model
2021-11-08 16:33:23,550:INFO:Linear Regression Imported succesfully
2021-11-08 16:33:23,588:INFO:Starting cross validation
2021-11-08 16:33:23,589:INFO:Cross validating with KFold(n_splits=10, random_state=None, shuffle=False), n_jobs=-1
2021-11-08 16:33:24,135:INFO:Calculating mean and std
2021-11-08 16:33:24,137:INFO:Creating metrics dataframe
2021-11-08 16:33:24,142:INFO:Uploading results into container
2021-11-08 16:33:24,142:INFO:Uploading model into container now
2021-11-08 16:33:24,143:INFO:create_model_container: 4
2021-11-08 16:33:24,143:INFO:master_model_container: 4
2021-11-08 16:33:24,143:INFO:display_container: 2
2021-11-08 16:33:24,143:INFO:LinearRegression(copy_X=True, fit_intercept=True, n_jobs=-1, normalize=False)
2021-11-08 16:33:24,143:INFO:create_model() succesfully completed......................................
2021-11-08 16:33:24,230:INFO:SubProcess create_model() end ==================================
2021-11-08 16:33:24,230:INFO:Creating metrics dataframe
2021-11-08 16:33:24,289:INFO:Initializing create_model()
2021-11-08 16:33:24,289:INFO:create_model(estimator=RandomForestRegressor(bootstrap=True, ccp_alpha=0.0, criterion='mse',
                      max_depth=None, max_features='auto', max_leaf_nodes=None,
                      max_samples=None, min_impurity_decrease=0.0,
                      min_impurity_split=None, min_samples_leaf=1,
                      min_samples_split=2, min_weight_fraction_leaf=0.0,
                      n_estimators=100, n_jobs=-1, oob_score=False,
                      random_state=1264, verbose=0, warm_start=False), fold=KFold(n_splits=10, random_state=None, shuffle=False), round=4, cross_validation=False, predict=False, fit_kwargs={}, groups=None, refit=True, verbose=False, system=False, metrics=None, add_to_model_list=True, display=None, kwargs={})
2021-11-08 16:33:24,290:INFO:Checking exceptions
2021-11-08 16:33:24,290:INFO:Importing libraries
2021-11-08 16:33:24,290:INFO:Copying training dataset
2021-11-08 16:33:24,292:INFO:Defining folds
2021-11-08 16:33:24,292:INFO:Declaring metric variables
2021-11-08 16:33:24,292:INFO:Importing untrained model
2021-11-08 16:33:24,293:INFO:Declaring custom model
2021-11-08 16:33:24,297:INFO:Random Forest Regressor Imported succesfully
2021-11-08 16:33:24,298:INFO:Cross validation set to False
2021-11-08 16:33:24,298:INFO:Fitting Model
2021-11-08 16:33:26,335:INFO:RandomForestRegressor(bootstrap=True, ccp_alpha=0.0, criterion='mse',
                      max_depth=None, max_features='auto', max_leaf_nodes=None,
                      max_samples=None, min_impurity_decrease=0.0,
                      min_impurity_split=None, min_samples_leaf=1,
                      min_samples_split=2, min_weight_fraction_leaf=0.0,
                      n_estimators=100, n_jobs=-1, oob_score=False,
                      random_state=1264, verbose=0, warm_start=False)
2021-11-08 16:33:26,335:INFO:create_models() succesfully completed......................................
2021-11-08 16:33:26,460:INFO:create_model_container: 4
2021-11-08 16:33:26,460:INFO:master_model_container: 4
2021-11-08 16:33:26,460:INFO:display_container: 2
2021-11-08 16:33:26,476:INFO:RandomForestRegressor(bootstrap=True, ccp_alpha=0.0, criterion='mse',
                      max_depth=None, max_features='auto', max_leaf_nodes=None,
                      max_samples=None, min_impurity_decrease=0.0,
                      min_impurity_split=None, min_samples_leaf=1,
                      min_samples_split=2, min_weight_fraction_leaf=0.0,
                      n_estimators=100, n_jobs=-1, oob_score=False,
                      random_state=1264, verbose=0, warm_start=False)
2021-11-08 16:33:26,476:INFO:compare_models() succesfully completed......................................
2021-11-08 16:33:26,493:INFO:Initializing save_model()
2021-11-08 16:33:26,493:INFO:save_model(model=RandomForestRegressor(bootstrap=True, ccp_alpha=0.0, criterion='mse',
                      max_depth=None, max_features='auto', max_leaf_nodes=None,
                      max_samples=None, min_impurity_decrease=0.0,
                      min_impurity_split=None, min_samples_leaf=1,
                      min_samples_split=2, min_weight_fraction_leaf=0.0,
                      n_estimators=100, n_jobs=-1, oob_score=False,
                      random_state=1264, verbose=0, warm_start=False), model_name=final_model, prep_pipe_=Pipeline(memory=None,
         steps=[('dtypes',
                 DataTypes_Auto_infer(categorical_features=[],
                                      display_types=True, features_todrop=[],
                                      id_columns=['Id'],
                                      ml_usecase='regression',
                                      numerical_features=[], target='SalePrice',
                                      time_features=[])),
                ('imputer',
                 Simple_Imputer(categorical_strategy='not_available',
                                fill_value_categorical=None,
                                fill_value_numerical=None,
                                numeric_st...
                ('P_transform', 'passthrough'), ('binn', 'passthrough'),
                ('rem_outliers', 'passthrough'), ('cluster_all', 'passthrough'),
                ('dummy', Dummify(target='SalePrice')),
                ('fix_perfect', Remove_100(target='SalePrice')),
                ('clean_names', Clean_Colum_Names()),
                ('feature_select', 'passthrough'), ('fix_multi', 'passthrough'),
                ('dfs', 'passthrough'), ('pca', 'passthrough')],
         verbose=False), verbose=True, kwargs={})
2021-11-08 16:33:26,493:INFO:Adding model into prep_pipe
2021-11-08 16:33:26,605:INFO:final_model.pkl saved in current working directory
2021-11-08 16:33:26,605:INFO:Pipeline(memory=None,
         steps=[('dtypes',
                 DataTypes_Auto_infer(categorical_features=[],
                                      display_types=True, features_todrop=[],
                                      id_columns=['Id'],
                                      ml_usecase='regression',
                                      numerical_features=[], target='SalePrice',
                                      time_features=[])),
                ('imputer',
                 Simple_Imputer(categorical_strategy='not_available',
                                fill_value_categorical=None,
                                fill_value_numerical=None,
                                numeric_st...
                 RandomForestRegressor(bootstrap=True, ccp_alpha=0.0,
                                       criterion='mse', max_depth=None,
                                       max_features='auto', max_leaf_nodes=None,
                                       max_samples=None,
                                       min_impurity_decrease=0.0,
                                       min_impurity_split=None,
                                       min_samples_leaf=1, min_samples_split=2,
                                       min_weight_fraction_leaf=0.0,
                                       n_estimators=100, n_jobs=-1,
                                       oob_score=False, random_state=1264,
                                       verbose=0, warm_start=False)]],
         verbose=False)
2021-11-08 16:33:26,620:INFO:save_model() successfully completed......................................
2021-11-08 16:33:49,107:INFO:Initializing load_model()
2021-11-08 16:33:49,111:INFO:load_model(model_name=final_model, platform=None, authentication=None, verbose=True)
2021-11-08 16:34:38,232:INFO:Initializing load_model()
2021-11-08 16:34:38,232:INFO:load_model(model_name=final_model, platform=None, authentication=None, verbose=True)
2021-11-08 16:36:27,314:INFO:Initializing load_model()
2021-11-08 16:36:27,317:INFO:load_model(model_name=final_model, platform=None, authentication=None, verbose=True)
2021-11-08 16:37:00,573:INFO:Initializing load_model()
2021-11-08 16:37:00,575:INFO:load_model(model_name=final_model, platform=None, authentication=None, verbose=True)
2021-11-08 16:37:09,895:INFO:Initializing load_model()
2021-11-08 16:37:09,895:INFO:load_model(model_name=final_model, platform=None, authentication=None, verbose=True)
2021-11-08 16:37:30,459:INFO:Initializing load_model()
2021-11-08 16:37:30,462:INFO:load_model(model_name=final_model, platform=None, authentication=None, verbose=True)
2021-11-08 16:37:46,163:INFO:Initializing load_model()
2021-11-08 16:37:46,165:INFO:load_model(model_name=final_model, platform=None, authentication=None, verbose=True)
2021-11-08 16:37:53,660:INFO:Initializing load_model()
2021-11-08 16:37:53,660:INFO:load_model(model_name=final_model, platform=None, authentication=None, verbose=True)
2021-11-08 16:38:45,834:INFO:Initializing load_model()
2021-11-08 16:38:45,834:INFO:load_model(model_name=final_model, platform=None, authentication=None, verbose=True)
2021-11-08 16:40:21,350:INFO:Initializing load_model()
2021-11-08 16:40:21,352:INFO:load_model(model_name=final_model, platform=None, authentication=None, verbose=True)
2021-11-08 16:40:27,054:INFO:Initializing load_model()
2021-11-08 16:40:27,058:INFO:load_model(model_name=final_model, platform=None, authentication=None, verbose=True)
2021-11-08 16:42:41,907:INFO:Initializing load_model()
2021-11-08 16:42:41,912:INFO:load_model(model_name=final_model, platform=None, authentication=None, verbose=True)
2021-11-08 16:43:05,513:INFO:Initializing load_model()
2021-11-08 16:43:05,514:INFO:load_model(model_name=final_model, platform=None, authentication=None, verbose=True)
2021-11-08 16:43:31,815:INFO:Initializing load_model()
2021-11-08 16:43:31,817:INFO:load_model(model_name=final_model, platform=None, authentication=None, verbose=True)
2021-11-08 16:44:14,520:INFO:Initializing load_model()
2021-11-08 16:44:14,520:INFO:load_model(model_name=final_model, platform=None, authentication=None, verbose=True)
2021-11-08 16:46:42,127:INFO:Initializing load_model()
2021-11-08 16:46:42,128:INFO:load_model(model_name=final_model, platform=None, authentication=None, verbose=True)
2021-11-08 16:46:52,349:INFO:Initializing load_model()
2021-11-08 16:46:52,358:INFO:load_model(model_name=final_model, platform=None, authentication=None, verbose=True)
2021-11-08 16:47:56,465:INFO:Initializing load_model()
2021-11-08 16:47:56,467:INFO:load_model(model_name=final_model, platform=None, authentication=None, verbose=True)
2021-11-08 16:48:00,786:INFO:Initializing load_model()
2021-11-08 16:48:00,787:INFO:load_model(model_name=final_model, platform=None, authentication=None, verbose=True)
2021-11-08 16:49:43,920:INFO:Initializing load_model()
2021-11-08 16:49:43,922:INFO:load_model(model_name=final_model, platform=None, authentication=None, verbose=True)
2021-11-08 16:49:52,526:INFO:Initializing load_model()
2021-11-08 16:49:52,528:INFO:load_model(model_name=final_model, platform=None, authentication=None, verbose=True)
2021-11-08 16:51:07,790:INFO:Initializing load_model()
2021-11-08 16:51:07,792:INFO:load_model(model_name=final_model, platform=None, authentication=None, verbose=True)
2021-11-08 16:51:50,306:INFO:Initializing load_model()
2021-11-08 16:51:50,306:INFO:load_model(model_name=final_model, platform=None, authentication=None, verbose=True)
2021-11-08 16:52:11,440:INFO:Initializing load_model()
2021-11-08 16:52:11,441:INFO:load_model(model_name=final_model, platform=None, authentication=None, verbose=True)
2021-11-08 16:52:14,734:INFO:Initializing load_model()
2021-11-08 16:52:14,735:INFO:load_model(model_name=final_model, platform=None, authentication=None, verbose=True)
2021-11-08 17:00:21,415:INFO:Initializing load_model()
2021-11-08 17:00:21,417:INFO:load_model(model_name=final_model, platform=None, authentication=None, verbose=True)
2021-11-08 17:02:29,425:INFO:Initializing load_model()
2021-11-08 17:02:29,426:INFO:load_model(model_name=final_model, platform=None, authentication=None, verbose=True)
2021-11-08 17:12:28,454:INFO:Initializing load_model()
2021-11-08 17:12:28,455:INFO:load_model(model_name=final_model, platform=None, authentication=None, verbose=True)
2021-11-08 17:12:28,650:INFO:Initializing predict_model()
2021-11-08 17:12:28,666:INFO:predict_model(estimator=Pipeline(steps=[('dtypes',
                 DataTypes_Auto_infer(id_columns=['Id'],
                                      ml_usecase='regression',
                                      target='SalePrice')),
                ('imputer',
                 Simple_Imputer(categorical_strategy='not_available',
                                fill_value_categorical=None,
                                fill_value_numerical=None,
                                numeric_strategy='median',
                                target_variable=None)),
                ('new_levels1',
                 New_Catagorical_Levels_in_TestData(replacement_strategy='le...
                ('rem_outliers', 'passthrough'), ('cluster_all', 'passthrough'),
                ('dummy', Dummify(target='SalePrice')),
                ('fix_perfect', Remove_100(target='SalePrice')),
                ('clean_names', Clean_Colum_Names()),
                ('feature_select', 'passthrough'), ('fix_multi', 'passthrough'),
                ('dfs', 'passthrough'), ('pca', 'passthrough'),
                ['trained_model',
                 RandomForestRegressor(n_jobs=-1, random_state=1264)]]), probability_threshold=None, encoded_labels=True, raw_score=False, round=4, verbose=True, ml_usecase=MLUsecase.REGRESSION, display=None)
2021-11-08 17:12:28,667:INFO:Checking exceptions
2021-11-08 17:12:28,668:INFO:Preloading libraries
2021-11-08 17:12:39,501:INFO:Initializing load_model()
2021-11-08 17:12:39,502:INFO:load_model(model_name=final_model, platform=None, authentication=None, verbose=True)
2021-11-08 17:12:52,595:INFO:Initializing load_model()
2021-11-08 17:12:52,597:INFO:load_model(model_name=final_model, platform=None, authentication=None, verbose=True)
2021-11-08 17:12:52,856:INFO:Initializing predict_model()
2021-11-08 17:12:52,857:INFO:predict_model(estimator=Pipeline(steps=[('dtypes',
                 DataTypes_Auto_infer(id_columns=['Id'],
                                      ml_usecase='regression',
                                      target='SalePrice')),
                ('imputer',
                 Simple_Imputer(categorical_strategy='not_available',
                                fill_value_categorical=None,
                                fill_value_numerical=None,
                                numeric_strategy='median',
                                target_variable=None)),
                ('new_levels1',
                 New_Catagorical_Levels_in_TestData(replacement_strategy='le...
                ('rem_outliers', 'passthrough'), ('cluster_all', 'passthrough'),
                ('dummy', Dummify(target='SalePrice')),
                ('fix_perfect', Remove_100(target='SalePrice')),
                ('clean_names', Clean_Colum_Names()),
                ('feature_select', 'passthrough'), ('fix_multi', 'passthrough'),
                ('dfs', 'passthrough'), ('pca', 'passthrough'),
                ['trained_model',
                 RandomForestRegressor(n_jobs=-1, random_state=1264)]]), probability_threshold=None, encoded_labels=True, raw_score=False, round=4, verbose=True, ml_usecase=MLUsecase.REGRESSION, display=None)
2021-11-08 17:12:52,859:INFO:Checking exceptions
2021-11-08 17:12:52,860:INFO:Preloading libraries
2021-11-08 17:15:21,301:INFO:Initializing load_model()
2021-11-08 17:15:21,301:INFO:load_model(model_name=final_model, platform=None, authentication=None, verbose=True)
2021-11-08 17:15:28,214:INFO:Initializing load_model()
2021-11-08 17:15:28,215:INFO:load_model(model_name=final_model, platform=None, authentication=None, verbose=True)
2021-11-08 17:15:35,567:INFO:Initializing load_model()
2021-11-08 17:15:35,568:INFO:load_model(model_name=final_model, platform=None, authentication=None, verbose=True)
2021-11-08 17:15:35,787:INFO:Initializing predict_model()
2021-11-08 17:15:35,787:INFO:predict_model(estimator=Pipeline(steps=[('dtypes',
                 DataTypes_Auto_infer(id_columns=['Id'],
                                      ml_usecase='regression',
                                      target='SalePrice')),
                ('imputer',
                 Simple_Imputer(categorical_strategy='not_available',
                                fill_value_categorical=None,
                                fill_value_numerical=None,
                                numeric_strategy='median',
                                target_variable=None)),
                ('new_levels1',
                 New_Catagorical_Levels_in_TestData(replacement_strategy='le...
                ('rem_outliers', 'passthrough'), ('cluster_all', 'passthrough'),
                ('dummy', Dummify(target='SalePrice')),
                ('fix_perfect', Remove_100(target='SalePrice')),
                ('clean_names', Clean_Colum_Names()),
                ('feature_select', 'passthrough'), ('fix_multi', 'passthrough'),
                ('dfs', 'passthrough'), ('pca', 'passthrough'),
                ['trained_model',
                 RandomForestRegressor(n_jobs=-1, random_state=1264)]]), probability_threshold=None, encoded_labels=True, raw_score=False, round=4, verbose=True, ml_usecase=MLUsecase.REGRESSION, display=None)
2021-11-08 17:15:35,789:INFO:Checking exceptions
2021-11-08 17:15:35,790:INFO:Preloading libraries
2021-11-08 17:15:42,681:INFO:Initializing load_model()
2021-11-08 17:15:42,682:INFO:load_model(model_name=final_model, platform=None, authentication=None, verbose=True)
2021-11-08 17:15:42,923:INFO:Initializing predict_model()
2021-11-08 17:15:42,924:INFO:predict_model(estimator=Pipeline(steps=[('dtypes',
                 DataTypes_Auto_infer(id_columns=['Id'],
                                      ml_usecase='regression',
                                      target='SalePrice')),
                ('imputer',
                 Simple_Imputer(categorical_strategy='not_available',
                                fill_value_categorical=None,
                                fill_value_numerical=None,
                                numeric_strategy='median',
                                target_variable=None)),
                ('new_levels1',
                 New_Catagorical_Levels_in_TestData(replacement_strategy='le...
                ('rem_outliers', 'passthrough'), ('cluster_all', 'passthrough'),
                ('dummy', Dummify(target='SalePrice')),
                ('fix_perfect', Remove_100(target='SalePrice')),
                ('clean_names', Clean_Colum_Names()),
                ('feature_select', 'passthrough'), ('fix_multi', 'passthrough'),
                ('dfs', 'passthrough'), ('pca', 'passthrough'),
                ['trained_model',
                 RandomForestRegressor(n_jobs=-1, random_state=1264)]]), probability_threshold=None, encoded_labels=True, raw_score=False, round=4, verbose=True, ml_usecase=MLUsecase.REGRESSION, display=None)
2021-11-08 17:15:42,925:INFO:Checking exceptions
2021-11-08 17:15:42,926:INFO:Preloading libraries
2021-11-08 17:19:14,454:INFO:Initializing load_model()
2021-11-08 17:19:14,456:INFO:load_model(model_name=final_model, platform=None, authentication=None, verbose=True)
2021-11-08 17:19:20,466:INFO:Initializing load_model()
2021-11-08 17:19:20,471:INFO:load_model(model_name=final_model, platform=None, authentication=None, verbose=True)
2021-11-08 17:19:20,691:INFO:Initializing predict_model()
2021-11-08 17:19:20,692:INFO:predict_model(estimator=Pipeline(steps=[('dtypes',
                 DataTypes_Auto_infer(id_columns=['Id'],
                                      ml_usecase='regression',
                                      target='SalePrice')),
                ('imputer',
                 Simple_Imputer(categorical_strategy='not_available',
                                fill_value_categorical=None,
                                fill_value_numerical=None,
                                numeric_strategy='median',
                                target_variable=None)),
                ('new_levels1',
                 New_Catagorical_Levels_in_TestData(replacement_strategy='le...
                ('rem_outliers', 'passthrough'), ('cluster_all', 'passthrough'),
                ('dummy', Dummify(target='SalePrice')),
                ('fix_perfect', Remove_100(target='SalePrice')),
                ('clean_names', Clean_Colum_Names()),
                ('feature_select', 'passthrough'), ('fix_multi', 'passthrough'),
                ('dfs', 'passthrough'), ('pca', 'passthrough'),
                ['trained_model',
                 RandomForestRegressor(n_jobs=-1, random_state=1264)]]), probability_threshold=None, encoded_labels=True, raw_score=False, round=4, verbose=True, ml_usecase=MLUsecase.REGRESSION, display=None)
2021-11-08 17:19:20,694:INFO:Checking exceptions
2021-11-08 17:19:20,695:INFO:Preloading libraries
2021-11-08 17:23:02,996:INFO:Initializing load_model()
2021-11-08 17:23:03,019:INFO:load_model(model_name=final_model, platform=None, authentication=None, verbose=True)
2021-11-08 17:23:03,323:INFO:Initializing load_model()
2021-11-08 17:23:03,323:INFO:load_model(model_name=final_model, platform=None, authentication=None, verbose=True)
2021-11-08 17:23:03,529:INFO:Initializing predict_model()
2021-11-08 17:23:03,529:INFO:predict_model(estimator=Pipeline(steps=[('dtypes',
                 DataTypes_Auto_infer(id_columns=['Id'],
                                      ml_usecase='regression',
                                      target='SalePrice')),
                ('imputer',
                 Simple_Imputer(categorical_strategy='not_available',
                                fill_value_categorical=None,
                                fill_value_numerical=None,
                                numeric_strategy='median',
                                target_variable=None)),
                ('new_levels1',
                 New_Catagorical_Levels_in_TestData(replacement_strategy='le...
                ('rem_outliers', 'passthrough'), ('cluster_all', 'passthrough'),
                ('dummy', Dummify(target='SalePrice')),
                ('fix_perfect', Remove_100(target='SalePrice')),
                ('clean_names', Clean_Colum_Names()),
                ('feature_select', 'passthrough'), ('fix_multi', 'passthrough'),
                ('dfs', 'passthrough'), ('pca', 'passthrough'),
                ['trained_model',
                 RandomForestRegressor(n_jobs=-1, random_state=1264)]]), probability_threshold=None, encoded_labels=True, raw_score=False, round=4, verbose=True, ml_usecase=MLUsecase.REGRESSION, display=None)
2021-11-08 17:23:03,531:INFO:Checking exceptions
2021-11-08 17:23:03,532:INFO:Preloading libraries
2021-11-08 17:23:22,459:INFO:Initializing load_model()
2021-11-08 17:23:22,469:INFO:load_model(model_name=final_model, platform=None, authentication=None, verbose=True)
2021-11-08 17:23:22,766:INFO:Initializing load_model()
2021-11-08 17:23:22,767:INFO:load_model(model_name=final_model, platform=None, authentication=None, verbose=True)
2021-11-08 17:23:23,037:INFO:Initializing predict_model()
2021-11-08 17:23:23,038:INFO:predict_model(estimator=Pipeline(steps=[('dtypes',
                 DataTypes_Auto_infer(id_columns=['Id'],
                                      ml_usecase='regression',
                                      target='SalePrice')),
                ('imputer',
                 Simple_Imputer(categorical_strategy='not_available',
                                fill_value_categorical=None,
                                fill_value_numerical=None,
                                numeric_strategy='median',
                                target_variable=None)),
                ('new_levels1',
                 New_Catagorical_Levels_in_TestData(replacement_strategy='le...
                ('rem_outliers', 'passthrough'), ('cluster_all', 'passthrough'),
                ('dummy', Dummify(target='SalePrice')),
                ('fix_perfect', Remove_100(target='SalePrice')),
                ('clean_names', Clean_Colum_Names()),
                ('feature_select', 'passthrough'), ('fix_multi', 'passthrough'),
                ('dfs', 'passthrough'), ('pca', 'passthrough'),
                ['trained_model',
                 RandomForestRegressor(n_jobs=-1, random_state=1264)]]), probability_threshold=None, encoded_labels=True, raw_score=False, round=4, verbose=True, ml_usecase=MLUsecase.REGRESSION, display=None)
2021-11-08 17:23:23,040:INFO:Checking exceptions
2021-11-08 17:23:23,041:INFO:Preloading libraries
2021-11-08 17:23:37,617:INFO:Initializing load_model()
2021-11-08 17:23:37,628:INFO:load_model(model_name=final_model, platform=None, authentication=None, verbose=True)
2021-11-08 17:23:38,841:INFO:Initializing load_model()
2021-11-08 17:23:38,842:INFO:load_model(model_name=final_model, platform=None, authentication=None, verbose=True)
2021-11-08 17:23:39,112:INFO:Initializing predict_model()
2021-11-08 17:23:39,112:INFO:predict_model(estimator=Pipeline(steps=[('dtypes',
                 DataTypes_Auto_infer(id_columns=['Id'],
                                      ml_usecase='regression',
                                      target='SalePrice')),
                ('imputer',
                 Simple_Imputer(categorical_strategy='not_available',
                                fill_value_categorical=None,
                                fill_value_numerical=None,
                                numeric_strategy='median',
                                target_variable=None)),
                ('new_levels1',
                 New_Catagorical_Levels_in_TestData(replacement_strategy='le...
                ('rem_outliers', 'passthrough'), ('cluster_all', 'passthrough'),
                ('dummy', Dummify(target='SalePrice')),
                ('fix_perfect', Remove_100(target='SalePrice')),
                ('clean_names', Clean_Colum_Names()),
                ('feature_select', 'passthrough'), ('fix_multi', 'passthrough'),
                ('dfs', 'passthrough'), ('pca', 'passthrough'),
                ['trained_model',
                 RandomForestRegressor(n_jobs=-1, random_state=1264)]]), probability_threshold=None, encoded_labels=True, raw_score=False, round=4, verbose=True, ml_usecase=MLUsecase.REGRESSION, display=None)
2021-11-08 17:23:39,114:INFO:Checking exceptions
2021-11-08 17:23:39,115:INFO:Preloading libraries
2021-11-08 17:24:03,771:INFO:Initializing load_model()
2021-11-08 17:24:03,772:INFO:load_model(model_name=final_model, platform=None, authentication=None, verbose=True)
